# project pycairo (1.10.0) configured on Wed Jul 13 11:10:01 2016 by
# waf 1.6.4 (abi 98, python 30403f0 on linux)
# using ./waf configure --prefix=/home/thais/projetos/django/myvenv
#
----------------------------------------
Setting top to
/home/thais/Downloads/pycairo-1.10.0
----------------------------------------
Setting out to
/home/thais/Downloads/pycairo-1.10.0/build_directory
----------------------------------------
Checking for 'gcc' (c compiler)
find program=['gcc', 'cc'] paths=['/home/thais/projetos/django/myvenv/bin', '/usr/local/sbin', '/usr/local/bin', '/usr/sbin', '/usr/bin', '/sbin', '/bin', '/usr/games', '/usr/local/games', '/usr/lib/jvm/java-8-oracle/bin', '/usr/lib/jvm/java-8-oracle/db/bin', '/usr/lib/jvm/java-8-oracle/jre/bin'] var='CC' -> '/usr/bin/gcc'
find program=['ar'] paths=['/home/thais/projetos/django/myvenv/bin', '/usr/local/sbin', '/usr/local/bin', '/usr/sbin', '/usr/bin', '/sbin', '/bin', '/usr/games', '/usr/local/games', '/usr/lib/jvm/java-8-oracle/bin', '/usr/lib/jvm/java-8-oracle/db/bin', '/usr/lib/jvm/java-8-oracle/jre/bin'] var='AR' -> '/usr/bin/ar'
ok
----------------------------------------
Checking for program python
/usr/bin/python3
find program=['python'] paths='' var='PYTHON' -> '/usr/bin/python3'
['/usr/bin/python3', '-c', 'import sys\nfor x in sys.version_info: print(str(x))']
out: 3
4
3
final
0

['/usr/bin/python3', '-c', "from distutils.sysconfig import get_python_lib\n\nprint(repr(get_python_lib(standard_lib=0, prefix='/home/thais/projetos/django/myvenv') or ''))"]
out: '/home/thais/projetos/django/myvenv/lib/python3.4/site-packages'

['/usr/bin/python3', '-c', "from distutils.sysconfig import get_python_lib\n\nprint(repr(get_python_lib(plat_specific=1, standard_lib=0, prefix='/home/thais/projetos/django/myvenv') or ''))"]
out: '/home/thais/projetos/django/myvenv/lib/python3.4/site-packages'

----------------------------------------
Checking for python version
(3, 4, 3, 'final', 0)
['/usr/bin/python3', '-c', "from distutils.sysconfig import get_config_var\n\nprint(repr(get_config_var('prefix') or ''))\nprint(repr(get_config_var('SO') or ''))\nprint(repr(get_config_var('LDFLAGS') or ''))\nprint(repr(get_config_var('LIBDIR') or ''))\nprint(repr(get_config_var('LIBPL') or ''))\nprint(repr(get_config_var('INCLUDEPY') or ''))\nprint(repr(get_config_var('Py_ENABLE_SHARED') or ''))\nprint(repr(get_config_var('MACOSX_DEPLOYMENT_TARGET') or ''))\nprint(repr(get_config_var('LDSHARED') or ''))\nprint(repr(get_config_var('CFLAGS') or ''))"]
out: '/usr'
'.cpython-34m.so'
'-Wl,-Bsymbolic-functions -Wl,-z,relro'
'/usr/lib'
'/usr/lib/python3.4/config-3.4m-x86_64-linux-gnu'
'/usr/include/python3.4m'
1
''
'x86_64-linux-gnu-gcc -pthread -shared -Wl,-O1 -Wl,-Bsymbolic-functions -Wl,-Bsymbolic-functions -Wl,-z,relro'
'-Wno-unused-result -DNDEBUG -g -fwrapv -O2 -Wall -Wstrict-prototypes -g -fstack-protector --param=ssp-buffer-size=4 -Wformat -Werror=format-security  -g -flto -fuse-linker-plugin'

Configuration returned from ['/usr/bin/python3']:
"prefix = '/usr'\nSO = '.cpython-34m.so'\nLDFLAGS = '-Wl,-Bsymbolic-functions -Wl,-z,relro'\nLIBDIR = '/usr/lib'\nLIBPL = '/usr/lib/python3.4/config-3.4m-x86_64-linux-gnu'\nINCLUDEPY = '/usr/include/python3.4m'\nPy_ENABLE_SHARED = 1\nMACOSX_DEPLOYMENT_TARGET = ''\nLDSHARED = 'x86_64-linux-gnu-gcc -pthread -shared -Wl,-O1 -Wl,-Bsymbolic-functions -Wl,-Bsymbolic-functions -Wl,-z,relro'\nCFLAGS = '-Wno-unused-result -DNDEBUG -g -fwrapv -O2 -Wall -Wstrict-prototypes -g -fstack-protector --param=ssp-buffer-size=4 -Wformat -Werror=format-security  -g -flto -fuse-linker-plugin'"



# try again with -L$python_LIBDIR: ['/usr/lib']

----------------------------------------
Checking for library python3.4 in LIBDIR
==>

int main() {
	return 0;
}

<==
[1/2] [32mc: build_directory/.conf_check_0868a509b6de3ec5581a69227c39321a/test.c -> build_directory/.conf_check_0868a509b6de3ec5581a69227c39321a/testbuild/test.c.0.o
[0m
['/usr/bin/gcc', '-pthread', '-fwrapv', '-fstack-protector', '-flto', '-fuse-linker-plugin', '-DPYTHONDIR="/home/thais/projetos/django/myvenv/lib/python3.4/site-packages"', '-DPYTHONARCHDIR="[\'/home/thais/projetos/django/myvenv/lib/python3.4/site-packages\']"', '-DNDEBUG', '../test.c', '-c', '-o', 'test.c.0.o']
[2/2] [33mcprogram: build_directory/.conf_check_0868a509b6de3ec5581a69227c39321a/testbuild/test.c.0.o -> build_directory/.conf_check_0868a509b6de3ec5581a69227c39321a/testbuild/testprog
[0m
['/usr/bin/gcc', 'test.c.0.o', '-o', '/home/thais/Downloads/pycairo-1.10.0/build_directory/.conf_check_0868a509b6de3ec5581a69227c39321a/testbuild/testprog', '-Wl,-Bstatic', '-Wl,-Bdynamic', '-L/usr/lib', '-lpython3.4', '-Wl,-Bsymbolic-functions', '-Wl,-z,relro', '-pthread', '-Wl,-O1', '-Wl,-Bsymbolic-functions', '-Wl,-Bsymbolic-functions', '-Wl,-z,relro']
err: /usr/bin/ld: nÃ£o foi possÃ­vel encontrar -lpython3.4
collect2: error: ld returned 1 exit status

from /home/thais/Downloads/pycairo-1.10.0: Test does not build: Traceback (most recent call last):
  File "/home/thais/Downloads/pycairo-1.10.0/.waf3-1.6.4-e3c1e08604b18a10567cfcd2d02eb6e6/waflib/Tools/c_config.py", line 435, in run_c_code
    bld.compile()
  File "/home/thais/Downloads/pycairo-1.10.0/.waf3-1.6.4-e3c1e08604b18a10567cfcd2d02eb6e6/waflib/Build.py", line 192, in compile
    raise Errors.BuildError(self.producer.error)
waflib.Errors.BuildError: Build failed
 -> task failed (exit status 1): 
	{task 140707319877816: cprogram test.c.0.o -> testprog}
['/usr/bin/gcc', 'test.c.0.o', '-o', '/home/thais/Downloads/pycairo-1.10.0/build_directory/.conf_check_0868a509b6de3ec5581a69227c39321a/testbuild/testprog', '-Wl,-Bstatic', '-Wl,-Bdynamic', '-L/usr/lib', '-lpython3.4', '-Wl,-Bsymbolic-functions', '-Wl,-z,relro', '-pthread', '-Wl,-O1', '-Wl,-Bsymbolic-functions', '-Wl,-Bsymbolic-functions', '-Wl,-z,relro']

not found
from /home/thais/Downloads/pycairo-1.10.0: The configuration failed


# try again with -L$python_LIBPL (some systems don't install the python library in $prefix/lib)

----------------------------------------------
Checking for library python3.4 in python_LIBPL
==>

int main() {
	return 0;
}

<==
[1/2] [32mc: build_directory/.conf_check_5715a1a97d533e9443d138e4ea583947/test.c -> build_directory/.conf_check_5715a1a97d533e9443d138e4ea583947/testbuild/test.c.0.o
[0m
['/usr/bin/gcc', '-pthread', '-fwrapv', '-fstack-protector', '-flto', '-fuse-linker-plugin', '-DPYTHONDIR="/home/thais/projetos/django/myvenv/lib/python3.4/site-packages"', '-DPYTHONARCHDIR="[\'/home/thais/projetos/django/myvenv/lib/python3.4/site-packages\']"', '-DNDEBUG', '../test.c', '-c', '-o', 'test.c.0.o']
[2/2] [33mcprogram: build_directory/.conf_check_5715a1a97d533e9443d138e4ea583947/testbuild/test.c.0.o -> build_directory/.conf_check_5715a1a97d533e9443d138e4ea583947/testbuild/testprog
[0m
['/usr/bin/gcc', 'test.c.0.o', '-o', '/home/thais/Downloads/pycairo-1.10.0/build_directory/.conf_check_5715a1a97d533e9443d138e4ea583947/testbuild/testprog', '-Wl,-Bstatic', '-Wl,-Bdynamic', '-L/usr/lib/python3.4/config-3.4m-x86_64-linux-gnu', '-lpython3.4', '-Wl,-Bsymbolic-functions', '-Wl,-z,relro', '-pthread', '-Wl,-O1', '-Wl,-Bsymbolic-functions', '-Wl,-Bsymbolic-functions', '-Wl,-z,relro']
yes
----------------------------------------------
Checking for program python3.4-config
not found
find program=['python3.4-config'] paths=['/home/thais/projetos/django/myvenv/bin', '/usr/local/sbin', '/usr/local/bin', '/usr/sbin', '/usr/bin', '/sbin', '/bin', '/usr/games', '/usr/local/games', '/usr/lib/jvm/java-8-oracle/bin', '/usr/lib/jvm/java-8-oracle/db/bin', '/usr/lib/jvm/java-8-oracle/jre/bin'] var='PYTHON_CONFIG' -> ''
from /home/thais/Downloads/pycairo-1.10.0: Could not find the program python3.4-config
----------------------------------------------
Checking for program python-config-3.4
not found
find program=['python-config-3.4'] paths=['/home/thais/projetos/django/myvenv/bin', '/usr/local/sbin', '/usr/local/bin', '/usr/sbin', '/usr/bin', '/sbin', '/bin', '/usr/games', '/usr/local/games', '/usr/lib/jvm/java-8-oracle/bin', '/usr/lib/jvm/java-8-oracle/db/bin', '/usr/lib/jvm/java-8-oracle/jre/bin'] var='PYTHON_CONFIG' -> ''
from /home/thais/Downloads/pycairo-1.10.0: Could not find the program python-config-3.4
Include path for Python extensions (found via distutils module): '/usr/include/python3.4m'

----------------------------------------------
Checking for header Python.h
==>

#ifdef __cplusplus
extern "C" {
#endif
	void Py_Initialize(void);
	void Py_Finalize(void);
#ifdef __cplusplus
}
#endif
int main()
{
   Py_Initialize();
   Py_Finalize();
   return 0;
}

<==
[1/2] [32mc: build_directory/.conf_check_3c89b11e8325dae18a149cd5e1dc775d/test.c -> build_directory/.conf_check_3c89b11e8325dae18a149cd5e1dc775d/testbuild/test.c.0.o
[0m
['/usr/bin/gcc', '-pthread', '-fwrapv', '-fstack-protector', '-flto', '-fuse-linker-plugin', '-fno-strict-aliasing', '-I/usr/include/python3.4m', '-DPYTHONDIR="/home/thais/projetos/django/myvenv/lib/python3.4/site-packages"', '-DPYTHONARCHDIR="[\'/home/thais/projetos/django/myvenv/lib/python3.4/site-packages\']"', '-DNDEBUG', '../test.c', '-c', '-o', 'test.c.0.o']
[2/2] [33mcprogram: build_directory/.conf_check_3c89b11e8325dae18a149cd5e1dc775d/testbuild/test.c.0.o -> build_directory/.conf_check_3c89b11e8325dae18a149cd5e1dc775d/testbuild/testprog
[0m
['/usr/bin/gcc', 'test.c.0.o', '-o', '/home/thais/Downloads/pycairo-1.10.0/build_directory/.conf_check_3c89b11e8325dae18a149cd5e1dc775d/testbuild/testprog', '-Wl,-Bstatic', '-Wl,-Bdynamic', '-L/usr/lib/python3.4/config-3.4m-x86_64-linux-gnu', '-lpython3.4', '-Wl,-Bsymbolic-functions', '-Wl,-z,relro', '-pthread', '-Wl,-O1', '-Wl,-Bsymbolic-functions', '-Wl,-Bsymbolic-functions', '-Wl,-z,relro']
yes
----------------------------------------------
Checking for program pkg-config
/usr/bin/pkg-config
find program=['pkg-config'] paths=['/home/thais/projetos/django/myvenv/bin', '/usr/local/sbin', '/usr/local/bin', '/usr/sbin', '/usr/bin', '/sbin', '/bin', '/usr/games', '/usr/local/games', '/usr/lib/jvm/java-8-oracle/bin', '/usr/lib/jvm/java-8-oracle/db/bin', '/usr/lib/jvm/java-8-oracle/jre/bin'] var='PKGCONFIG' -> '/usr/bin/pkg-config'
----------------------------------------------
Checking for 'cairo' >= 1.10.0
['/usr/bin/pkg-config', '--atleast-version=1.10.0', 'cairo']
['/usr/bin/pkg-config', 'cairo', '--cflags', '--libs']
out: -I/home/thais/include/cairo -I/home/thais/include/pixman-1 -I/usr/include/glib-2.0 -I/usr/lib/x86_64-linux-gnu/glib-2.0/include -I/usr/include/freetype2 -I/usr/include/libpng12  -L/home/thais/lib -lcairo  

yes
